2025-06-08 20:03:39.299043 - User: stepholo - Path: /api/
2025-06-08 20:03:40.824348 - User: stepholo - Path: /
2025-06-08 20:03:50.114202 - User: stepholo - Path: /api/
2025-06-08 20:03:55.334752 - User: stepholo - Path: /api/users/
2025-06-08 20:05:11.898478 - User: stepholo - Path: /api/
2025-06-08 20:05:13.900169 - User: stepholo - Path: /api/messages/
2025-06-08 20:05:20.603931 - User: stepholo - Path: /api/conversations/
2025-06-08 20:05:27.453171 - User: stepholo - Path: /api-auth/logout/
2025-06-08 20:05:27.544420 - User: AnonymousUser - Path: /api/
2025-06-08 20:05:38.688442 - User: AnonymousUser - Path: /api/
2025-06-08 20:05:40.019310 - User: AnonymousUser - Path: /api/
2025-06-08 20:14:33.391357 - User: AnonymousUser - Path: /api-auth/login/
2025-06-08 20:14:39.941483 - User: AnonymousUser - Path: /api-auth/login/
2025-06-08 20:14:40.301784 - User: stepholo - Path: /api/
2025-06-08 20:14:42.867625 - User: stepholo - Path: /api/users/
2025-06-08 20:15:02.147528 - User: stepholo - Path: /api/
2025-06-08 20:15:05.537757 - User: stepholo - Path: /api/admin/
2025-06-08 20:15:16.874052 - User: stepholo - Path: /admin/
2025-06-08 20:15:21.134130 - User: stepholo - Path: /admin/auth/user/add/
2025-06-08 20:15:21.503890 - User: stepholo - Path: /admin/jsi18n/
2025-06-08 20:15:51.902016 - User: stepholo - Path: /admin/auth/user/add/
2025-06-08 20:15:52.182174 - User: stepholo - Path: /admin/auth/user/2/change/
2025-06-08 20:15:52.569269 - User: stepholo - Path: /admin/jsi18n/
2025-06-08 20:16:37.361965 - User: stepholo - Path: /admin/auth/user/2/change/
2025-06-08 20:16:37.463335 - User: stepholo - Path: /admin/auth/user/add/
2025-06-08 20:16:37.623875 - User: stepholo - Path: /admin/jsi18n/
2025-06-08 20:17:35.116715 - User: stepholo - Path: /admin/auth/user/add/
2025-06-08 20:17:35.204331 - User: stepholo - Path: /admin/jsi18n/
2025-06-08 20:17:59.746171 - User: stepholo - Path: /admin/auth/user/add/
2025-06-08 20:17:59.816627 - User: stepholo - Path: /admin/jsi18n/
2025-06-08 20:18:16.693731 - User: stepholo - Path: /admin/auth/user/add/
2025-06-08 20:18:16.940810 - User: stepholo - Path: /admin/auth/user/3/change/
2025-06-08 20:18:17.076510 - User: stepholo - Path: /admin/jsi18n/
2025-06-08 20:18:35.866394 - User: stepholo - Path: /admin/auth/user/3/change/
2025-06-08 20:18:35.981819 - User: stepholo - Path: /admin/auth/user/add/
2025-06-08 20:18:36.101652 - User: stepholo - Path: /admin/jsi18n/
2025-06-08 20:18:41.268027 - User: stepholo - Path: /admin/auth/user/
2025-06-08 20:18:41.669053 - User: stepholo - Path: /admin/jsi18n/
2025-06-08 20:18:53.291213 - User: stepholo - Path: /admin/logout/
2025-06-08 20:18:55.645319 - User: AnonymousUser - Path: /admin/
2025-06-08 20:18:55.659305 - User: AnonymousUser - Path: /admin/login/
2025-06-08 20:19:06.907822 - User: AnonymousUser - Path: /admin/login/
